  Password_Handle.cpp
C:\Users\Joker\source\repos\Chrome(Opera)_Decrypt\Chrome(Opera)_Decrypt\Password_Handle.cpp(6,22): warning C4267:  “=”: 从“size_t”转换到“int”，可能丢失数据
C:\Users\Joker\source\repos\Chrome(Opera)_Decrypt\Chrome(Opera)_Decrypt\Password_Handle.cpp(7,22): warning C4267:  “=”: 从“size_t”转换到“int”，可能丢失数据
C:\Users\Joker\source\repos\Chrome(Opera)_Decrypt\Chrome(Opera)_Decrypt\Password_Handle.cpp(8,22): warning C4267:  “=”: 从“size_t”转换到“int”，可能丢失数据
C:\Users\Joker\source\repos\Chrome(Opera)_Decrypt\Chrome(Opera)_Decrypt\Password_Handle.cpp(9,22): warning C4267:  “=”: 从“size_t”转换到“int”，可能丢失数据
C:\Users\Joker\source\repos\Chrome(Opera)_Decrypt\Chrome(Opera)_Decrypt\Password_Handle.cpp(10,22): warning C4267:  “=”: 从“size_t”转换到“int”，可能丢失数据
C:\Users\Joker\source\repos\Chrome(Opera)_Decrypt\Chrome(Opera)_Decrypt\Password_Handle.cpp(11,22): warning C4267:  “=”: 从“size_t”转换到“int”，可能丢失数据
C:\Users\Joker\source\repos\Chrome(Opera)_Decrypt\Chrome(Opera)_Decrypt\Password_Handle.cpp(12,22): warning C4267:  “=”: 从“size_t”转换到“int”，可能丢失数据
C:\Users\Joker\source\repos\Chrome(Opera)_Decrypt\Chrome(Opera)_Decrypt\Password_Handle.cpp(13,22): warning C4267:  “=”: 从“size_t”转换到“int”，可能丢失数据
C:\Users\Joker\source\repos\Chrome(Opera)_Decrypt\Chrome(Opera)_Decrypt\Password_Handle.cpp(14,22): warning C4267:  “=”: 从“size_t”转换到“int”，可能丢失数据
C:\Users\Joker\source\repos\Chrome(Opera)_Decrypt\Chrome(Opera)_Decrypt\Password_Handle.cpp(15,21): warning C4267:  “=”: 从“size_t”转换到“int”，可能丢失数据
  ProfilePath_Get.cpp
  run.cpp
  UTF8_Trans.cpp
  正在生成代码...
C:\Users\Joker\source\repos\Chrome(Opera)_Decrypt\Chrome(Opera)_Decrypt\Password_Handle.cpp(16,22): warning C4267:  “=”: 从“size_t”转换到“int”，可能丢失数据
run.obj : error LNK2019: 无法解析的外部符号 sqlite3_close，该符号在函数 main 中被引用
run.obj : error LNK2019: 无法解析的外部符号 sqlite3_get_table，该符号在函数 main 中被引用
run.obj : error LNK2019: 无法解析的外部符号 sqlite3_open，该符号在函数 main 中被引用
run.obj : error LNK2019: 无法解析的外部符号 sqlite3_prepare_v2，该符号在函数 main 中被引用
run.obj : error LNK2019: 无法解析的外部符号 sqlite3_step，该符号在函数 main 中被引用
run.obj : error LNK2019: 无法解析的外部符号 sqlite3_column_text，该符号在函数 main 中被引用
run.obj : error LNK2019: 无法解析的外部符号 sqlite3_column_bytes，该符号在函数 main 中被引用
run.obj : error LNK2019: 无法解析的外部符号 sqlite3_finalize，该符号在函数 main 中被引用
C:\Users\Joker\source\repos\Chrome(Opera)_Decrypt\x64\Debug\Chrome(Opera)_Decrypt.exe : fatal error LNK1120: 8 个无法解析的外部命令
